# JRE version: OpenJDK Runtime Environment (17.0.7) (build 17.0.7+0-b2043.56-10550314)
# Java VM: OpenJDK 64-Bit Server VM (17.0.7+0-b2043.56-10550314, mixed mode, tiered, compressed oops, compressed class ptrs, g1 gc, windows-amd64)
GC Precious Log:
 CPUs: 12 total, 12 available
 Memory: 32702M
 Large Page Support: Disabled
 NUMA Support: Disabled
 Compressed Oops: Enabled (Zero based)
 Heap Region Size: 2M
 Heap Min Capacity: 8M
 Heap Initial Capacity: 512M
 Heap Max Capacity: 4G
 Pre-touch: Disabled
 Parallel Workers: 10
 Concurrent Workers: 3
 Concurrent Refinement Workers: 10
 Periodic GC: Disabled
Heap:
 garbage-first heap   total 600064K, used 274978K [0x0000000700000000, 0x0000000800000000)
  region size 2048K, 9 young (18432K), 9 survivors (18432K)
 Metaspace       used 161652K, committed 163008K, reserved 1245184K
  class space    used 21074K, committed 21632K, reserved 1048576K
GC Heap History (20 events):
Event: 58.882 GC heap after
{Heap after GC invocations=85 (full 0):
 garbage-first heap   total 600064K, used 249474K [0x0000000700000000, 0x0000000800000000)
  region size 2048K, 2 young (4096K), 2 survivors (4096K)
 Metaspace       used 160681K, committed 161984K, reserved 1245184K
  class space    used 20956K, committed 21504K, reserved 1048576K
}
Event: 59.464 GC heap before
{Heap before GC invocations=85 (full 0):
 garbage-first heap   total 600064K, used 503426K [0x0000000700000000, 0x0000000800000000)
  region size 2048K, 127 young (260096K), 2 survivors (4096K)
 Metaspace       used 160943K, committed 162176K, reserved 1245184K
  class space    used 20994K, committed 21504K, reserved 1048576K
}
Event: 59.467 GC heap after
{Heap after GC invocations=86 (full 0):
 garbage-first heap   total 600064K, used 257800K [0x0000000700000000, 0x0000000800000000)
  region size 2048K, 6 young (12288K), 6 survivors (12288K)
 Metaspace       used 160943K, committed 162176K, reserved 1245184K
  class space    used 20994K, committed 21504K, reserved 1048576K
}
Event: 59.570 GC heap before
{Heap before GC invocations=86 (full 0):
 garbage-first heap   total 600064K, used 501512K [0x0000000700000000, 0x0000000800000000)
  region size 2048K, 126 young (258048K), 6 survivors (12288K)
 Metaspace       used 160946K, committed 162176K, reserved 1245184K
  class space    used 20994K, committed 21504K, reserved 1048576K
}
Event: 59.574 GC heap after
{Heap after GC invocations=87 (full 0):
 garbage-first heap   total 600064K, used 261892K [0x0000000700000000, 0x0000000800000000)
  region size 2048K, 8 young (16384K), 8 survivors (16384K)
 Metaspace       used 160946K, committed 162176K, reserved 1245184K
  class space    used 20994K, committed 21504K, reserved 1048576K
}
Event: 59.696 GC heap before
{Heap before GC invocations=87 (full 0):
 garbage-first heap   total 600064K, used 505604K [0x0000000700000000, 0x0000000800000000)
  region size 2048K, 128 young (262144K), 8 survivors (16384K)
 Metaspace       used 160947K, committed 162176K, reserved 1245184K
  class space    used 20994K, committed 21504K, reserved 1048576K
}
Event: 59.700 GC heap after
{Heap after GC invocations=88 (full 0):
 garbage-first heap   total 600064K, used 259126K [0x0000000700000000, 0x0000000800000000)
  region size 2048K, 7 young (14336K), 7 survivors (14336K)
 Metaspace       used 160947K, committed 162176K, reserved 1245184K
  class space    used 20994K, committed 21504K, reserved 1048576K
}
Event: 60.151 GC heap before
{Heap before GC invocations=88 (full 0):
 garbage-first heap   total 600064K, used 508982K [0x0000000700000000, 0x0000000800000000)
  region size 2048K, 130 young (266240K), 7 survivors (14336K)
 Metaspace       used 160948K, committed 162176K, reserved 1245184K
  class space    used 20994K, committed 21504K, reserved 1048576K
}
Event: 60.155 GC heap after
{Heap after GC invocations=89 (full 0):
 garbage-first heap   total 600064K, used 259493K [0x0000000700000000, 0x0000000800000000)
  region size 2048K, 7 young (14336K), 7 survivors (14336K)
 Metaspace       used 160948K, committed 162176K, reserved 1245184K
  class space    used 20994K, committed 21504K, reserved 1048576K
}
Event: 60.986 GC heap before
{Heap before GC invocations=89 (full 0):
 garbage-first heap   total 600064K, used 513445K [0x0000000700000000, 0x0000000800000000)
  region size 2048K, 132 young (270336K), 7 survivors (14336K)
 Metaspace       used 160948K, committed 162176K, reserved 1245184K
  class space    used 20994K, committed 21504K, reserved 1048576K
}
Event: 60.990 GC heap after
{Heap after GC invocations=90 (full 0):
 garbage-first heap   total 600064K, used 259076K [0x0000000700000000, 0x0000000800000000)
  region size 2048K, 7 young (14336K), 7 survivors (14336K)
 Metaspace       used 160948K, committed 162176K, reserved 1245184K
  class space    used 20994K, committed 21504K, reserved 1048576K
}
Event: 61.514 GC heap before
{Heap before GC invocations=90 (full 0):
 garbage-first heap   total 600064K, used 519172K [0x0000000700000000, 0x0000000800000000)
  region size 2048K, 134 young (274432K), 7 survivors (14336K)
 Metaspace       used 160948K, committed 162176K, reserved 1245184K
  class space    used 20994K, committed 21504K, reserved 1048576K
}
Event: 61.519 GC heap after
{Heap after GC invocations=91 (full 0):
 garbage-first heap   total 600064K, used 261653K [0x0000000700000000, 0x0000000800000000)
  region size 2048K, 8 young (16384K), 8 survivors (16384K)
 Metaspace       used 160948K, committed 162176K, reserved 1245184K
  class space    used 20994K, committed 21504K, reserved 1048576K
}
Event: 62.174 GC heap before
{Heap before GC invocations=91 (full 0):
 garbage-first heap   total 600064K, used 519701K [0x0000000700000000, 0x0000000800000000)
  region size 2048K, 134 young (274432K), 8 survivors (16384K)
 Metaspace       used 160964K, committed 162176K, reserved 1245184K
  class space    used 20994K, committed 21504K, reserved 1048576K
}
Event: 62.178 GC heap after
{Heap after GC invocations=92 (full 0):
 garbage-first heap   total 600064K, used 261208K [0x0000000700000000, 0x0000000800000000)
  region size 2048K, 8 young (16384K), 8 survivors (16384K)
 Metaspace       used 160964K, committed 162176K, reserved 1245184K
  class space    used 20994K, committed 21504K, reserved 1048576K
}
Event: 69.566 GC heap before
{Heap before GC invocations=92 (full 0):
 garbage-first heap   total 600064K, used 515160K [0x0000000700000000, 0x0000000800000000)
  region size 2048K, 133 young (272384K), 8 survivors (16384K)
 Metaspace       used 161636K, committed 163008K, reserved 1245184K
  class space    used 21074K, committed 21632K, reserved 1048576K
}
Event: 69.572 GC heap after
{Heap after GC invocations=93 (full 0):
 garbage-first heap   total 600064K, used 273855K [0x0000000700000000, 0x0000000800000000)
  region size 2048K, 14 young (28672K), 14 survivors (28672K)
 Metaspace       used 161636K, committed 163008K, reserved 1245184K
  class space    used 21074K, committed 21632K, reserved 1048576K
}
Event: 69.679 GC heap before
{Heap before GC invocations=93 (full 0):
 garbage-first heap   total 600064K, used 505279K [0x0000000700000000, 0x0000000800000000)
  region size 2048K, 128 young (262144K), 14 survivors (28672K)
 Metaspace       used 161651K, committed 163008K, reserved 1245184K
  class space    used 21074K, committed 21632K, reserved 1048576K
}
Event: 69.685 GC heap after
{Heap after GC invocations=94 (full 0):
 garbage-first heap   total 600064K, used 274536K [0x0000000700000000, 0x0000000800000000)
  region size 2048K, 9 young (18432K), 9 survivors (18432K)
 Metaspace       used 161651K, committed 163008K, reserved 1245184K
  class space    used 21074K, committed 21632K, reserved 1048576K
}
Event: 69.804 GC heap before
{Heap before GC invocations=94 (full 0):
 garbage-first heap   total 600064K, used 512104K [0x0000000700000000, 0x0000000800000000)
  region size 2048K, 125 young (256000K), 9 survivors (18432K)
 Metaspace       used 161652K, committed 163008K, reserved 1245184K
  class space    used 21074K, committed 21632K, reserved 1048576K
}

