# JRE version: OpenJDK Runtime Environment (17.0.7) (build 17.0.7+0-b2043.56-10550314)
# Java VM: OpenJDK 64-Bit Server VM (17.0.7+0-b2043.56-10550314, mixed mode, tiered, compressed oops, compressed class ptrs, g1 gc, windows-amd64)
GC Precious Log:
 CPUs: 12 total, 12 available
 Memory: 32702M
 Large Page Support: Disabled
 NUMA Support: Disabled
 Compressed Oops: Enabled (Zero based)
 Heap Region Size: 2M
 Heap Min Capacity: 8M
 Heap Initial Capacity: 512M
 Heap Max Capacity: 4G
 Pre-touch: Disabled
 Parallel Workers: 10
 Concurrent Workers: 3
 Concurrent Refinement Workers: 10
 Periodic GC: Disabled
Heap:
 garbage-first heap   total 452608K, used 244579K [0x0000000700000000, 0x0000000800000000)
  region size 2048K, 4 young (8192K), 4 survivors (8192K)
 Metaspace       used 112201K, committed 113792K, reserved 1179648K
  class space    used 15335K, committed 16000K, reserved 1048576K
GC Heap History (20 events):
Event: 60.195 GC heap after
{Heap after GC invocations=45 (full 0):
 garbage-first heap   total 452608K, used 206517K [0x0000000700000000, 0x0000000800000000)
  region size 2048K, 7 young (14336K), 7 survivors (14336K)
 Metaspace       used 109851K, committed 111168K, reserved 1179648K
  class space    used 14968K, committed 15488K, reserved 1048576K
}
Event: 60.476 GC heap before
{Heap before GC invocations=45 (full 0):
 garbage-first heap   total 452608K, used 376501K [0x0000000700000000, 0x0000000800000000)
  region size 2048K, 88 young (180224K), 7 survivors (14336K)
 Metaspace       used 109879K, committed 111168K, reserved 1179648K
  class space    used 14972K, committed 15488K, reserved 1048576K
}
Event: 60.480 GC heap after
{Heap after GC invocations=46 (full 0):
 garbage-first heap   total 452608K, used 211795K [0x0000000700000000, 0x0000000800000000)
  region size 2048K, 3 young (6144K), 3 survivors (6144K)
 Metaspace       used 109879K, committed 111168K, reserved 1179648K
  class space    used 14972K, committed 15488K, reserved 1048576K
}
Event: 60.771 GC heap before
{Heap before GC invocations=46 (full 0):
 garbage-first heap   total 452608K, used 379731K [0x0000000700000000, 0x0000000800000000)
  region size 2048K, 85 young (174080K), 3 survivors (6144K)
 Metaspace       used 109881K, committed 111168K, reserved 1179648K
  class space    used 14972K, committed 15488K, reserved 1048576K
}
Event: 60.773 GC heap after
{Heap after GC invocations=47 (full 0):
 garbage-first heap   total 452608K, used 212701K [0x0000000700000000, 0x0000000800000000)
  region size 2048K, 3 young (6144K), 3 survivors (6144K)
 Metaspace       used 109881K, committed 111168K, reserved 1179648K
  class space    used 14972K, committed 15488K, reserved 1048576K
}
Event: 61.142 GC heap before
{Heap before GC invocations=47 (full 0):
 garbage-first heap   total 452608K, used 386781K [0x0000000700000000, 0x0000000800000000)
  region size 2048K, 87 young (178176K), 3 survivors (6144K)
 Metaspace       used 109883K, committed 111168K, reserved 1179648K
  class space    used 14972K, committed 15488K, reserved 1048576K
}
Event: 61.144 GC heap after
{Heap after GC invocations=48 (full 0):
 garbage-first heap   total 452608K, used 215127K [0x0000000700000000, 0x0000000800000000)
  region size 2048K, 5 young (10240K), 5 survivors (10240K)
 Metaspace       used 109883K, committed 111168K, reserved 1179648K
  class space    used 14972K, committed 15488K, reserved 1048576K
}
Event: 61.662 GC heap before
{Heap before GC invocations=48 (full 0):
 garbage-first heap   total 452608K, used 383063K [0x0000000700000000, 0x0000000800000000)
  region size 2048K, 87 young (178176K), 5 survivors (10240K)
 Metaspace       used 110737K, committed 112064K, reserved 1179648K
  class space    used 15107K, committed 15680K, reserved 1048576K
}
Event: 61.667 GC heap after
{Heap after GC invocations=49 (full 0):
 garbage-first heap   total 452608K, used 222276K [0x0000000700000000, 0x0000000800000000)
  region size 2048K, 8 young (16384K), 8 survivors (16384K)
 Metaspace       used 110737K, committed 112064K, reserved 1179648K
  class space    used 15107K, committed 15680K, reserved 1048576K
}
Event: 62.107 GC heap before
{Heap before GC invocations=49 (full 0):
 garbage-first heap   total 452608K, used 379972K [0x0000000700000000, 0x0000000800000000)
  region size 2048K, 85 young (174080K), 8 survivors (16384K)
 Metaspace       used 111264K, committed 112768K, reserved 1179648K
  class space    used 15193K, committed 15808K, reserved 1048576K
}
Event: 62.114 GC heap after
{Heap after GC invocations=50 (full 0):
 garbage-first heap   total 452608K, used 228697K [0x0000000700000000, 0x0000000800000000)
  region size 2048K, 8 young (16384K), 8 survivors (16384K)
 Metaspace       used 111264K, committed 112768K, reserved 1179648K
  class space    used 15193K, committed 15808K, reserved 1048576K
}
Event: 62.607 GC heap before
{Heap before GC invocations=50 (full 0):
 garbage-first heap   total 452608K, used 378201K [0x0000000700000000, 0x0000000800000000)
  region size 2048K, 81 young (165888K), 8 survivors (16384K)
 Metaspace       used 111807K, committed 113344K, reserved 1179648K
  class space    used 15283K, committed 15936K, reserved 1048576K
}
Event: 62.616 GC heap after
{Heap after GC invocations=51 (full 0):
 garbage-first heap   total 452608K, used 238039K [0x0000000700000000, 0x0000000800000000)
  region size 2048K, 8 young (16384K), 8 survivors (16384K)
 Metaspace       used 111807K, committed 113344K, reserved 1179648K
  class space    used 15283K, committed 15936K, reserved 1048576K
}
Event: 62.926 GC heap before
{Heap before GC invocations=51 (full 0):
 garbage-first heap   total 452608K, used 375255K [0x0000000700000000, 0x0000000800000000)
  region size 2048K, 76 young (155648K), 8 survivors (16384K)
 Metaspace       used 112124K, committed 113728K, reserved 1179648K
  class space    used 15332K, committed 16000K, reserved 1048576K
}
Event: 62.933 GC heap after
{Heap after GC invocations=52 (full 0):
 garbage-first heap   total 452608K, used 245852K [0x0000000700000000, 0x0000000800000000)
  region size 2048K, 9 young (18432K), 9 survivors (18432K)
 Metaspace       used 112124K, committed 113728K, reserved 1179648K
  class space    used 15332K, committed 16000K, reserved 1048576K
}
Event: 63.045 GC heap before
{Heap before GC invocations=52 (full 0):
 garbage-first heap   total 452608K, used 374876K [0x0000000700000000, 0x0000000800000000)
  region size 2048K, 73 young (149504K), 9 survivors (18432K)
 Metaspace       used 112198K, committed 113792K, reserved 1179648K
  class space    used 15335K, committed 16000K, reserved 1048576K
}
Event: 63.050 GC heap after
{Heap after GC invocations=53 (full 0):
 garbage-first heap   total 452608K, used 247031K [0x0000000700000000, 0x0000000800000000)
  region size 2048K, 5 young (10240K), 5 survivors (10240K)
 Metaspace       used 112198K, committed 113792K, reserved 1179648K
  class space    used 15335K, committed 16000K, reserved 1048576K
}
Event: 63.180 GC heap before
{Heap before GC invocations=53 (full 0):
 garbage-first heap   total 452608K, used 378103K [0x0000000700000000, 0x0000000800000000)
  region size 2048K, 70 young (143360K), 5 survivors (10240K)
 Metaspace       used 112201K, committed 113792K, reserved 1179648K
  class space    used 15335K, committed 16000K, reserved 1048576K
}
Event: 63.183 GC heap after
{Heap after GC invocations=54 (full 0):
 garbage-first heap   total 452608K, used 244760K [0x0000000700000000, 0x0000000800000000)
  region size 2048K, 4 young (8192K), 4 survivors (8192K)
 Metaspace       used 112201K, committed 113792K, reserved 1179648K
  class space    used 15335K, committed 16000K, reserved 1048576K
}
Event: 63.403 GC heap before
{Heap before GC invocations=54 (full 0):
 garbage-first heap   total 452608K, used 381976K [0x0000000700000000, 0x0000000800000000)
  region size 2048K, 72 young (147456K), 4 survivors (8192K)
 Metaspace       used 112201K, committed 113792K, reserved 1179648K
  class space    used 15335K, committed 16000K, reserved 1048576K
}

