# JRE version: OpenJDK Runtime Environment (17.0.7) (build 17.0.7+0-b2043.56-10550314)
# Java VM: OpenJDK 64-Bit Server VM (17.0.7+0-b2043.56-10550314, mixed mode, tiered, compressed oops, compressed class ptrs, g1 gc, windows-amd64)
GC Precious Log:
 CPUs: 12 total, 12 available
 Memory: 32702M
 Large Page Support: Disabled
 NUMA Support: Disabled
 Compressed Oops: Enabled (Zero based)
 Heap Region Size: 2M
 Heap Min Capacity: 8M
 Heap Initial Capacity: 512M
 Heap Max Capacity: 4G
 Pre-touch: Disabled
 Parallel Workers: 10
 Concurrent Workers: 3
 Concurrent Refinement Workers: 10
 Periodic GC: Disabled
Heap:
 garbage-first heap   total 565248K, used 362496K [0x0000000700000000, 0x0000000800000000)
  region size 2048K, 19 young (38912K), 4 survivors (8192K)
 Metaspace       used 109456K, committed 111424K, reserved 1179648K
  class space    used 15271K, committed 16128K, reserved 1048576K
GC Heap History (20 events):
Event: 12.553 GC heap before
{Heap before GC invocations=42 (full 0):
 garbage-first heap   total 372736K, used 260378K [0x0000000700000000, 0x0000000800000000)
  region size 2048K, 60 young (122880K), 2 survivors (4096K)
 Metaspace       used 96530K, committed 97664K, reserved 1179648K
  class space    used 13413K, committed 13888K, reserved 1048576K
}
Event: 12.563 GC heap after
{Heap after GC invocations=43 (full 0):
 garbage-first heap   total 372736K, used 165888K [0x0000000700000000, 0x0000000800000000)
  region size 2048K, 8 young (16384K), 8 survivors (16384K)
 Metaspace       used 96530K, committed 97664K, reserved 1179648K
  class space    used 13413K, committed 13888K, reserved 1048576K
}
Event: 13.152 GC heap before
{Heap before GC invocations=43 (full 0):
 garbage-first heap   total 372736K, used 264192K [0x0000000700000000, 0x0000000800000000)
  region size 2048K, 55 young (112640K), 8 survivors (16384K)
 Metaspace       used 97448K, committed 98752K, reserved 1179648K
  class space    used 13560K, committed 14144K, reserved 1048576K
}
Event: 13.163 GC heap after
{Heap after GC invocations=44 (full 0):
 garbage-first heap   total 372736K, used 195046K [0x0000000700000000, 0x0000000800000000)
  region size 2048K, 7 young (14336K), 7 survivors (14336K)
 Metaspace       used 97448K, committed 98752K, reserved 1179648K
  class space    used 13560K, committed 14144K, reserved 1048576K
}
Event: 13.615 GC heap before
{Heap before GC invocations=44 (full 0):
 garbage-first heap   total 372736K, used 272870K [0x0000000700000000, 0x0000000800000000)
  region size 2048K, 46 young (94208K), 7 survivors (14336K)
 Metaspace       used 98202K, committed 99648K, reserved 1179648K
  class space    used 13678K, committed 14272K, reserved 1048576K
}
Event: 13.626 GC heap after
{Heap after GC invocations=45 (full 0):
 garbage-first heap   total 372736K, used 212407K [0x0000000700000000, 0x0000000800000000)
  region size 2048K, 6 young (12288K), 6 survivors (12288K)
 Metaspace       used 98202K, committed 99648K, reserved 1179648K
  class space    used 13678K, committed 14272K, reserved 1048576K
}
Event: 14.047 GC heap before
{Heap before GC invocations=45 (full 0):
 garbage-first heap   total 372736K, used 286135K [0x0000000700000000, 0x0000000800000000)
  region size 2048K, 42 young (86016K), 6 survivors (12288K)
 Metaspace       used 98695K, committed 100224K, reserved 1179648K
  class space    used 13746K, committed 14400K, reserved 1048576K
}
Event: 14.058 GC heap after
{Heap after GC invocations=46 (full 0):
 garbage-first heap   total 372736K, used 225946K [0x0000000700000000, 0x0000000800000000)
  region size 2048K, 6 young (12288K), 6 survivors (12288K)
 Metaspace       used 98695K, committed 100224K, reserved 1179648K
  class space    used 13746K, committed 14400K, reserved 1048576K
}
Event: 14.437 GC heap before
{Heap before GC invocations=46 (full 0):
 garbage-first heap   total 372736K, used 291482K [0x0000000700000000, 0x0000000800000000)
  region size 2048K, 38 young (77824K), 6 survivors (12288K)
 Metaspace       used 99207K, committed 100736K, reserved 1179648K
  class space    used 13827K, committed 14464K, reserved 1048576K
}
Event: 14.447 GC heap after
{Heap after GC invocations=47 (full 0):
 garbage-first heap   total 448512K, used 237568K [0x0000000700000000, 0x0000000800000000)
  region size 2048K, 5 young (10240K), 5 survivors (10240K)
 Metaspace       used 99207K, committed 100736K, reserved 1179648K
  class space    used 13827K, committed 14464K, reserved 1048576K
}
Event: 15.063 GC heap before
{Heap before GC invocations=47 (full 0):
 garbage-first heap   total 448512K, used 342016K [0x0000000700000000, 0x0000000800000000)
  region size 2048K, 56 young (114688K), 5 survivors (10240K)
 Metaspace       used 99867K, committed 101504K, reserved 1179648K
  class space    used 13928K, committed 14592K, reserved 1048576K
}
Event: 15.077 GC heap after
{Heap after GC invocations=48 (full 0):
 garbage-first heap   total 448512K, used 261633K [0x0000000700000000, 0x0000000800000000)
  region size 2048K, 7 young (14336K), 7 survivors (14336K)
 Metaspace       used 99867K, committed 101504K, reserved 1179648K
  class space    used 13928K, committed 14592K, reserved 1048576K
}
Event: 15.889 GC heap before
{Heap before GC invocations=48 (full 0):
 garbage-first heap   total 448512K, used 349697K [0x0000000700000000, 0x0000000800000000)
  region size 2048K, 50 young (102400K), 7 survivors (14336K)
 Metaspace       used 105776K, committed 107520K, reserved 1179648K
  class space    used 14773K, committed 15488K, reserved 1048576K
}
Event: 15.903 GC heap after
{Heap after GC invocations=49 (full 0):
 garbage-first heap   total 448512K, used 278215K [0x0000000700000000, 0x0000000800000000)
  region size 2048K, 7 young (14336K), 7 survivors (14336K)
 Metaspace       used 105776K, committed 107520K, reserved 1179648K
  class space    used 14773K, committed 15488K, reserved 1048576K
}
Event: 16.431 GC heap before
{Heap before GC invocations=49 (full 0):
 garbage-first heap   total 448512K, used 358087K [0x0000000700000000, 0x0000000800000000)
  region size 2048K, 46 young (94208K), 7 survivors (14336K)
 Metaspace       used 107384K, committed 109120K, reserved 1179648K
  class space    used 14963K, committed 15680K, reserved 1048576K
}
Event: 16.452 GC heap after
{Heap after GC invocations=50 (full 0):
 garbage-first heap   total 448512K, used 301368K [0x0000000700000000, 0x0000000800000000)
  region size 2048K, 6 young (12288K), 6 survivors (12288K)
 Metaspace       used 107384K, committed 109120K, reserved 1179648K
  class space    used 14963K, committed 15680K, reserved 1048576K
}
Event: 16.728 GC heap before
{Heap before GC invocations=50 (full 0):
 garbage-first heap   total 448512K, used 362808K [0x0000000700000000, 0x0000000800000000)
  region size 2048K, 36 young (73728K), 6 survivors (12288K)
 Metaspace       used 108236K, committed 110016K, reserved 1179648K
  class space    used 15070K, committed 15808K, reserved 1048576K
}
Event: 16.744 GC heap after
{Heap after GC invocations=51 (full 0):
 garbage-first heap   total 448512K, used 324013K [0x0000000700000000, 0x0000000800000000)
  region size 2048K, 5 young (10240K), 5 survivors (10240K)
 Metaspace       used 108236K, committed 110016K, reserved 1179648K
  class space    used 15070K, committed 15808K, reserved 1048576K
}
Event: 16.973 GC heap before
{Heap before GC invocations=51 (full 0):
 garbage-first heap   total 448512K, used 369069K [0x0000000700000000, 0x0000000800000000)
  region size 2048K, 27 young (55296K), 5 survivors (10240K)
 Metaspace       used 108894K, committed 110784K, reserved 1179648K
  class space    used 15185K, committed 16000K, reserved 1048576K
}
Event: 16.985 GC heap after
{Heap after GC invocations=52 (full 0):
 garbage-first heap   total 565248K, used 333824K [0x0000000700000000, 0x0000000800000000)
  region size 2048K, 4 young (8192K), 4 survivors (8192K)
 Metaspace       used 108894K, committed 110784K, reserved 1179648K
  class space    used 15185K, committed 16000K, reserved 1048576K
}

