# JRE version: OpenJDK Runtime Environment (17.0.7) (build 17.0.7+0-b2043.56-10550314)
# Java VM: OpenJDK 64-Bit Server VM (17.0.7+0-b2043.56-10550314, mixed mode, tiered, compressed oops, compressed class ptrs, g1 gc, windows-amd64)
GC Precious Log:
 CPUs: 12 total, 12 available
 Memory: 32702M
 Large Page Support: Disabled
 NUMA Support: Disabled
 Compressed Oops: Enabled (Zero based)
 Heap Region Size: 2M
 Heap Min Capacity: 8M
 Heap Initial Capacity: 512M
 Heap Max Capacity: 4G
 Pre-touch: Disabled
 Parallel Workers: 10
 Concurrent Workers: 3
 Concurrent Refinement Workers: 10
 Periodic GC: Disabled
Heap:
 garbage-first heap   total 587776K, used 441231K [0x0000000700000000, 0x0000000800000000)
  region size 2048K, 44 young (90112K), 8 survivors (16384K)
 Metaspace       used 114008K, committed 116096K, reserved 1179648K
  class space    used 15902K, committed 16832K, reserved 1048576K
GC Heap History (20 events):
Event: 24.357 GC heap before
{Heap before GC invocations=39 (full 0):
 garbage-first heap   total 438272K, used 337920K [0x0000000700000000, 0x0000000800000000)
  region size 2048K, 48 young (98304K), 5 survivors (10240K)
 Metaspace       used 102707K, committed 104320K, reserved 1179648K
  class space    used 14340K, committed 15040K, reserved 1048576K
}
Event: 24.372 GC heap after
{Heap after GC invocations=40 (full 0):
 garbage-first heap   total 438272K, used 273290K [0x0000000700000000, 0x0000000800000000)
  region size 2048K, 6 young (12288K), 6 survivors (12288K)
 Metaspace       used 102707K, committed 104320K, reserved 1179648K
  class space    used 14340K, committed 15040K, reserved 1048576K
}
Event: 25.195 GC heap before
{Heap before GC invocations=40 (full 0):
 garbage-first heap   total 438272K, used 344970K [0x0000000700000000, 0x0000000800000000)
  region size 2048K, 41 young (83968K), 6 survivors (12288K)
 Metaspace       used 108707K, committed 110400K, reserved 1179648K
  class space    used 15156K, committed 15872K, reserved 1048576K
}
Event: 25.216 GC heap after
{Heap after GC invocations=41 (full 0):
 garbage-first heap   total 438272K, used 288768K [0x0000000700000000, 0x0000000800000000)
  region size 2048K, 6 young (12288K), 6 survivors (12288K)
 Metaspace       used 108707K, committed 110400K, reserved 1179648K
  class space    used 15156K, committed 15872K, reserved 1048576K
}
Event: 25.667 GC heap before
{Heap before GC invocations=41 (full 0):
 garbage-first heap   total 438272K, used 352256K [0x0000000700000000, 0x0000000800000000)
  region size 2048K, 37 young (75776K), 6 survivors (12288K)
 Metaspace       used 109556K, committed 111296K, reserved 1179648K
  class space    used 15262K, committed 16000K, reserved 1048576K
}
Event: 25.684 GC heap after
{Heap after GC invocations=42 (full 0):
 garbage-first heap   total 438272K, used 311286K [0x0000000700000000, 0x0000000800000000)
  region size 2048K, 5 young (10240K), 5 survivors (10240K)
 Metaspace       used 109556K, committed 111296K, reserved 1179648K
  class space    used 15262K, committed 16000K, reserved 1048576K
}
Event: 25.934 GC heap before
{Heap before GC invocations=42 (full 0):
 garbage-first heap   total 438272K, used 356342K [0x0000000700000000, 0x0000000800000000)
  region size 2048K, 27 young (55296K), 5 survivors (10240K)
 Metaspace       used 110363K, committed 112128K, reserved 1179648K
  class space    used 15368K, committed 16128K, reserved 1048576K
}
Event: 25.945 GC heap after
{Heap after GC invocations=43 (full 0):
 garbage-first heap   total 526336K, used 324827K [0x0000000700000000, 0x0000000800000000)
  region size 2048K, 4 young (8192K), 4 survivors (8192K)
 Metaspace       used 110363K, committed 112128K, reserved 1179648K
  class space    used 15368K, committed 16128K, reserved 1048576K
}
Event: 26.029 GC heap before
{Heap before GC invocations=43 (full 0):
 garbage-first heap   total 526336K, used 337115K [0x0000000700000000, 0x0000000800000000)
  region size 2048K, 11 young (22528K), 4 survivors (8192K)
 Metaspace       used 110622K, committed 112448K, reserved 1179648K
  class space    used 15419K, committed 16192K, reserved 1048576K
}
Event: 26.037 GC heap after
{Heap after GC invocations=44 (full 0):
 garbage-first heap   total 526336K, used 329882K [0x0000000700000000, 0x0000000800000000)
  region size 2048K, 2 young (4096K), 2 survivors (4096K)
 Metaspace       used 110622K, committed 112448K, reserved 1179648K
  class space    used 15419K, committed 16192K, reserved 1048576K
}
Event: 26.795 GC heap before
{Heap before GC invocations=45 (full 0):
 garbage-first heap   total 587776K, used 407706K [0x0000000700000000, 0x0000000800000000)
  region size 2048K, 41 young (83968K), 2 survivors (4096K)
 Metaspace       used 112090K, committed 114112K, reserved 1179648K
  class space    used 15693K, committed 16576K, reserved 1048576K
}
Event: 26.807 GC heap after
{Heap after GC invocations=46 (full 0):
 garbage-first heap   total 587776K, used 344064K [0x0000000700000000, 0x0000000800000000)
  region size 2048K, 6 young (12288K), 6 survivors (12288K)
 Metaspace       used 112090K, committed 114112K, reserved 1179648K
  class space    used 15693K, committed 16576K, reserved 1048576K
}
Event: 26.952 GC heap before
{Heap before GC invocations=46 (full 0):
 garbage-first heap   total 587776K, used 358400K [0x0000000700000000, 0x0000000800000000)
  region size 2048K, 14 young (28672K), 6 survivors (12288K)
 Metaspace       used 112119K, committed 114112K, reserved 1179648K
  class space    used 15697K, committed 16576K, reserved 1048576K
}
Event: 26.961 GC heap after
{Heap after GC invocations=47 (full 0):
 garbage-first heap   total 587776K, used 342189K [0x0000000700000000, 0x0000000800000000)
  region size 2048K, 2 young (4096K), 2 survivors (4096K)
 Metaspace       used 112119K, committed 114112K, reserved 1179648K
  class space    used 15697K, committed 16576K, reserved 1048576K
}
Event: 859.424 GC heap before
{Heap before GC invocations=47 (full 0):
 garbage-first heap   total 587776K, used 452781K [0x0000000700000000, 0x0000000800000000)
  region size 2048K, 55 young (112640K), 2 survivors (4096K)
 Metaspace       used 113276K, committed 115264K, reserved 1179648K
  class space    used 15841K, committed 16704K, reserved 1048576K
}
Event: 859.432 GC heap after
{Heap after GC invocations=48 (full 0):
 garbage-first heap   total 587776K, used 343162K [0x0000000700000000, 0x0000000800000000)
  region size 2048K, 3 young (6144K), 3 survivors (6144K)
 Metaspace       used 113276K, committed 115264K, reserved 1179648K
  class space    used 15841K, committed 16704K, reserved 1048576K
}
Event: 1095.149 GC heap before
{Heap before GC invocations=48 (full 0):
 garbage-first heap   total 587776K, used 457850K [0x0000000700000000, 0x0000000800000000)
  region size 2048K, 60 young (122880K), 3 survivors (6144K)
 Metaspace       used 113571K, committed 115584K, reserved 1179648K
  class space    used 15853K, committed 16704K, reserved 1048576K
}
Event: 1095.156 GC heap after
{Heap after GC invocations=49 (full 0):
 garbage-first heap   total 587776K, used 351653K [0x0000000700000000, 0x0000000800000000)
  region size 2048K, 7 young (14336K), 7 survivors (14336K)
 Metaspace       used 113571K, committed 115584K, reserved 1179648K
  class space    used 15853K, committed 16704K, reserved 1048576K
}
Event: 1095.716 GC heap before
{Heap before GC invocations=49 (full 0):
 garbage-first heap   total 587776K, used 466341K [0x0000000700000000, 0x0000000800000000)
  region size 2048K, 64 young (131072K), 7 survivors (14336K)
 Metaspace       used 113927K, committed 116032K, reserved 1179648K
  class space    used 15901K, committed 16832K, reserved 1048576K
}
Event: 1095.729 GC heap after
{Heap after GC invocations=50 (full 0):
 garbage-first heap   total 587776K, used 369551K [0x0000000700000000, 0x0000000800000000)
  region size 2048K, 8 young (16384K), 8 survivors (16384K)
 Metaspace       used 113927K, committed 116032K, reserved 1179648K
  class space    used 15901K, committed 16832K, reserved 1048576K
}

